2020-10-13 23:43:18,252 [Worker-2: Loading available Gradle versions] INFO  o.e.b.c.i.u.g.PublishedGradleVersions - Gradle version information cache is up-to-date. Trying to read.
2020-10-13 23:44:31,222 [Worker-7: Building] INFO  o.e.m.c.i.l.LifecycleMappingFactory - Using org.eclipse.m2e.jdt.JarLifecycleMapping lifecycle mapping for MavenProject: del.ac.id.demo:TopedCommerce_015_020:0.0.1-SNAPSHOT @ E:\Kuliah\Materi\Semester 5\Java Enterprise\Week 6\Praktikum\TopedCommerce_015_020\pom.xml.
2020-10-13 23:44:39,038 [Worker-7: Building] INFO  o.e.m.c.i.embedder.EclipseLogger - Using 'UTF-8' encoding to copy filtered resources.
2020-10-13 23:44:39,043 [Worker-7: Building] INFO  o.e.m.c.i.embedder.EclipseLogger - Copying 1 resource
2020-10-13 23:44:39,071 [Worker-7: Building] INFO  o.e.m.c.i.embedder.EclipseLogger - Copying 1 resource
2020-10-13 23:44:39,086 [Worker-7: Building] INFO  o.e.m.c.i.embedder.EclipseLogger - Using 'UTF-8' encoding to copy filtered resources.
2020-10-13 23:44:39,086 [Worker-7: Building] INFO  o.e.m.c.i.embedder.EclipseLogger - skip non existing resourceDirectory E:\Kuliah\Materi\Semester 5\Java Enterprise\Week 6\Praktikum\TopedCommerce_015_020\src\test\resources
2020-10-13 23:44:42,145 [Worker-5: Building] INFO  o.e.m.c.i.embedder.EclipseLogger - Using 'UTF-8' encoding to copy filtered resources.
2020-10-13 23:44:42,148 [Worker-5: Building] INFO  o.e.m.c.i.embedder.EclipseLogger - Copying 1 resource
2020-10-13 23:44:42,201 [Worker-5: Building] INFO  o.e.m.c.i.embedder.EclipseLogger - Copying 1 resource
2020-10-13 23:44:42,260 [Worker-5: Building] INFO  o.e.m.c.i.embedder.EclipseLogger - Using 'UTF-8' encoding to copy filtered resources.
2020-10-13 23:44:42,260 [Worker-5: Building] INFO  o.e.m.c.i.embedder.EclipseLogger - skip non existing resourceDirectory E:\Kuliah\Materi\Semester 5\Java Enterprise\Week 6\Praktikum\TopedCommerce_015_020\src\test\resources
2020-10-14 00:07:46,877 [Worker-21: Building] INFO  o.e.m.c.i.embedder.EclipseLogger - Using 'UTF-8' encoding to copy filtered resources.
2020-10-14 00:07:46,879 [Worker-21: Building] INFO  o.e.m.c.i.embedder.EclipseLogger - Copying 1 resource
2020-10-14 00:07:46,881 [Worker-21: Building] INFO  o.e.m.c.i.embedder.EclipseLogger - Copying 0 resource
2020-10-14 00:07:46,883 [Worker-21: Building] INFO  o.e.m.c.i.embedder.EclipseLogger - Using 'UTF-8' encoding to copy filtered resources.
2020-10-14 00:07:46,884 [Worker-21: Building] INFO  o.e.m.c.i.embedder.EclipseLogger - skip non existing resourceDirectory E:\Kuliah\Materi\Semester 5\Java Enterprise\Week 6\Praktikum\TopedCommerce_015_020\src\test\resources
2020-10-14 00:07:51,570 [Worker-21: Building] INFO  o.e.m.c.i.embedder.EclipseLogger - Using 'UTF-8' encoding to copy filtered resources.
2020-10-14 00:07:51,570 [Worker-21: Building] INFO  o.e.m.c.i.embedder.EclipseLogger - Copying 1 resource
2020-10-14 00:07:51,573 [Worker-21: Building] INFO  o.e.m.c.i.embedder.EclipseLogger - Copying 0 resource
2020-10-14 00:07:51,575 [Worker-21: Building] INFO  o.e.m.c.i.embedder.EclipseLogger - Using 'UTF-8' encoding to copy filtered resources.
2020-10-14 00:07:51,576 [Worker-21: Building] INFO  o.e.m.c.i.embedder.EclipseLogger - skip non existing resourceDirectory E:\Kuliah\Materi\Semester 5\Java Enterprise\Week 6\Praktikum\TopedCommerce_015_020\src\test\resources
2020-10-14 00:07:56,987 [Worker-21: Building] INFO  o.e.m.c.i.embedder.EclipseLogger - Using 'UTF-8' encoding to copy filtered resources.
2020-10-14 00:07:56,987 [Worker-21: Building] INFO  o.e.m.c.i.embedder.EclipseLogger - Copying 1 resource
2020-10-14 00:07:56,989 [Worker-21: Building] INFO  o.e.m.c.i.embedder.EclipseLogger - Copying 0 resource
2020-10-14 00:07:56,991 [Worker-21: Building] INFO  o.e.m.c.i.embedder.EclipseLogger - Using 'UTF-8' encoding to copy filtered resources.
2020-10-14 00:07:56,991 [Worker-21: Building] INFO  o.e.m.c.i.embedder.EclipseLogger - skip non existing resourceDirectory E:\Kuliah\Materi\Semester 5\Java Enterprise\Week 6\Praktikum\TopedCommerce_015_020\src\test\resources
2020-10-14 00:08:03,085 [Worker-21: Building] INFO  o.e.m.c.i.embedder.EclipseLogger - Using 'UTF-8' encoding to copy filtered resources.
2020-10-14 00:08:03,086 [Worker-21: Building] INFO  o.e.m.c.i.embedder.EclipseLogger - Copying 1 resource
2020-10-14 00:08:03,088 [Worker-21: Building] INFO  o.e.m.c.i.embedder.EclipseLogger - Copying 0 resource
2020-10-14 00:08:03,089 [Worker-21: Building] INFO  o.e.m.c.i.embedder.EclipseLogger - Using 'UTF-8' encoding to copy filtered resources.
2020-10-14 00:08:03,089 [Worker-21: Building] INFO  o.e.m.c.i.embedder.EclipseLogger - skip non existing resourceDirectory E:\Kuliah\Materi\Semester 5\Java Enterprise\Week 6\Praktikum\TopedCommerce_015_020\src\test\resources
2020-10-14 00:08:09,801 [Worker-21: Building] INFO  o.e.m.c.i.embedder.EclipseLogger - Using 'UTF-8' encoding to copy filtered resources.
2020-10-14 00:08:09,801 [Worker-21: Building] INFO  o.e.m.c.i.embedder.EclipseLogger - Copying 1 resource
2020-10-14 00:08:09,804 [Worker-21: Building] INFO  o.e.m.c.i.embedder.EclipseLogger - Copying 0 resource
2020-10-14 00:08:09,806 [Worker-21: Building] INFO  o.e.m.c.i.embedder.EclipseLogger - Using 'UTF-8' encoding to copy filtered resources.
2020-10-14 00:08:09,806 [Worker-21: Building] INFO  o.e.m.c.i.embedder.EclipseLogger - skip non existing resourceDirectory E:\Kuliah\Materi\Semester 5\Java Enterprise\Week 6\Praktikum\TopedCommerce_015_020\src\test\resources
2020-10-14 00:09:47,880 [Worker-18: Building] INFO  o.e.m.c.i.embedder.EclipseLogger - Using 'UTF-8' encoding to copy filtered resources.
2020-10-14 00:09:47,881 [Worker-18: Building] INFO  o.e.m.c.i.embedder.EclipseLogger - Copying 1 resource
2020-10-14 00:09:47,884 [Worker-18: Building] INFO  o.e.m.c.i.embedder.EclipseLogger - Copying 1 resource
2020-10-14 00:09:47,889 [Worker-18: Building] INFO  o.e.m.c.i.embedder.EclipseLogger - Using 'UTF-8' encoding to copy filtered resources.
2020-10-14 00:09:47,890 [Worker-18: Building] INFO  o.e.m.c.i.embedder.EclipseLogger - skip non existing resourceDirectory E:\Kuliah\Materi\Semester 5\Java Enterprise\Week 6\Praktikum\TopedCommerce_015_020\src\test\resources
2020-10-14 00:10:23,271 [Worker-23: Building] INFO  o.e.m.c.i.embedder.EclipseLogger - Using 'UTF-8' encoding to copy filtered resources.
2020-10-14 00:10:23,273 [Worker-23: Building] INFO  o.e.m.c.i.embedder.EclipseLogger - Copying 1 resource
2020-10-14 00:10:23,275 [Worker-23: Building] INFO  o.e.m.c.i.embedder.EclipseLogger - Copying 1 resource
2020-10-14 00:10:23,278 [Worker-23: Building] INFO  o.e.m.c.i.embedder.EclipseLogger - Using 'UTF-8' encoding to copy filtered resources.
2020-10-14 00:10:23,278 [Worker-23: Building] INFO  o.e.m.c.i.embedder.EclipseLogger - skip non existing resourceDirectory E:\Kuliah\Materi\Semester 5\Java Enterprise\Week 6\Praktikum\TopedCommerce_015_020\src\test\resources
2020-10-14 00:14:35,029 [Worker-2: Loading available Gradle versions] INFO  o.e.b.c.i.u.g.PublishedGradleVersions - Gradle version information cache is up-to-date. Trying to read.
2020-10-14 00:17:26,293 [Worker-2: Building] INFO  o.e.m.c.i.embedder.EclipseLogger - Using 'UTF-8' encoding to copy filtered resources.
2020-10-14 00:17:26,301 [Worker-2: Building] INFO  o.e.m.c.i.embedder.EclipseLogger - Copying 1 resource
2020-10-14 00:17:26,374 [Worker-2: Building] INFO  o.e.m.c.i.embedder.EclipseLogger - Copying 1 resource
2020-10-14 00:17:26,381 [Worker-2: Building] INFO  o.e.m.c.i.embedder.EclipseLogger - Using 'UTF-8' encoding to copy filtered resources.
2020-10-14 00:17:26,381 [Worker-2: Building] INFO  o.e.m.c.i.embedder.EclipseLogger - skip non existing resourceDirectory E:\Kuliah\Materi\Semester 5\Java Enterprise\Week 6\Praktikum\TopedCommerce_015_020\src\test\resources
2020-10-14 00:18:08,823 [Worker-5: Building] INFO  o.e.m.c.i.embedder.EclipseLogger - Using 'UTF-8' encoding to copy filtered resources.
2020-10-14 00:18:08,828 [Worker-5: Building] INFO  o.e.m.c.i.embedder.EclipseLogger - Copying 1 resource
2020-10-14 00:18:08,843 [Worker-5: Building] INFO  o.e.m.c.i.embedder.EclipseLogger - Copying 1 resource
2020-10-14 00:18:08,846 [Worker-5: Building] INFO  o.e.m.c.i.embedder.EclipseLogger - Using 'UTF-8' encoding to copy filtered resources.
2020-10-14 00:18:08,847 [Worker-5: Building] INFO  o.e.m.c.i.embedder.EclipseLogger - skip non existing resourceDirectory E:\Kuliah\Materi\Semester 5\Java Enterprise\Week 6\Praktikum\TopedCommerce_015_020\src\test\resources
2020-10-14 00:18:21,729 [Worker-2: Building] INFO  o.e.m.c.i.embedder.EclipseLogger - Using 'UTF-8' encoding to copy filtered resources.
2020-10-14 00:18:21,730 [Worker-2: Building] INFO  o.e.m.c.i.embedder.EclipseLogger - Copying 1 resource
2020-10-14 00:18:21,734 [Worker-2: Building] INFO  o.e.m.c.i.embedder.EclipseLogger - Copying 1 resource
2020-10-14 00:18:21,739 [Worker-2: Building] INFO  o.e.m.c.i.embedder.EclipseLogger - Using 'UTF-8' encoding to copy filtered resources.
2020-10-14 00:18:21,739 [Worker-2: Building] INFO  o.e.m.c.i.embedder.EclipseLogger - skip non existing resourceDirectory E:\Kuliah\Materi\Semester 5\Java Enterprise\Week 6\Praktikum\TopedCommerce_015_020\src\test\resources
2020-10-14 00:20:52,436 [Worker-13: Building] INFO  o.e.m.c.i.embedder.EclipseLogger - Using 'UTF-8' encoding to copy filtered resources.
2020-10-14 00:20:52,437 [Worker-13: Building] INFO  o.e.m.c.i.embedder.EclipseLogger - Copying 1 resource
2020-10-14 00:20:52,439 [Worker-13: Building] INFO  o.e.m.c.i.embedder.EclipseLogger - Copying 1 resource
2020-10-14 00:20:52,442 [Worker-13: Building] INFO  o.e.m.c.i.embedder.EclipseLogger - Using 'UTF-8' encoding to copy filtered resources.
2020-10-14 00:20:52,442 [Worker-13: Building] INFO  o.e.m.c.i.embedder.EclipseLogger - skip non existing resourceDirectory E:\Kuliah\Materi\Semester 5\Java Enterprise\Week 6\Praktikum\TopedCommerce_015_020\src\test\resources
2020-10-14 00:24:43,333 [Worker-0: Building] INFO  o.e.m.c.i.embedder.EclipseLogger - Using 'UTF-8' encoding to copy filtered resources.
2020-10-14 00:24:43,334 [Worker-0: Building] INFO  o.e.m.c.i.embedder.EclipseLogger - Copying 1 resource
2020-10-14 00:24:43,336 [Worker-0: Building] INFO  o.e.m.c.i.embedder.EclipseLogger - Copying 0 resource
2020-10-14 00:24:43,339 [Worker-0: Building] INFO  o.e.m.c.i.embedder.EclipseLogger - Using 'UTF-8' encoding to copy filtered resources.
2020-10-14 00:24:43,339 [Worker-0: Building] INFO  o.e.m.c.i.embedder.EclipseLogger - skip non existing resourceDirectory E:\Kuliah\Materi\Semester 5\Java Enterprise\Week 6\Praktikum\TopedCommerce_015_020\src\test\resources
2020-10-14 00:24:50,614 [Worker-0: Building] INFO  o.e.m.c.i.embedder.EclipseLogger - Using 'UTF-8' encoding to copy filtered resources.
2020-10-14 00:24:50,614 [Worker-0: Building] INFO  o.e.m.c.i.embedder.EclipseLogger - Copying 1 resource
2020-10-14 00:24:50,616 [Worker-0: Building] INFO  o.e.m.c.i.embedder.EclipseLogger - Copying 0 resource
2020-10-14 00:24:50,618 [Worker-0: Building] INFO  o.e.m.c.i.embedder.EclipseLogger - Using 'UTF-8' encoding to copy filtered resources.
2020-10-14 00:24:50,618 [Worker-0: Building] INFO  o.e.m.c.i.embedder.EclipseLogger - skip non existing resourceDirectory E:\Kuliah\Materi\Semester 5\Java Enterprise\Week 6\Praktikum\TopedCommerce_015_020\src\test\resources
2020-10-14 00:31:45,088 [Worker-17: Building] INFO  o.e.m.c.i.embedder.EclipseLogger - Using 'UTF-8' encoding to copy filtered resources.
2020-10-14 00:31:45,088 [Worker-17: Building] INFO  o.e.m.c.i.embedder.EclipseLogger - Copying 1 resource
2020-10-14 00:31:45,090 [Worker-17: Building] INFO  o.e.m.c.i.embedder.EclipseLogger - Copying 0 resource
2020-10-14 00:31:45,092 [Worker-17: Building] INFO  o.e.m.c.i.embedder.EclipseLogger - Using 'UTF-8' encoding to copy filtered resources.
2020-10-14 00:31:45,093 [Worker-17: Building] INFO  o.e.m.c.i.embedder.EclipseLogger - skip non existing resourceDirectory E:\Kuliah\Materi\Semester 5\Java Enterprise\Week 6\Praktikum\TopedCommerce_015_020\src\test\resources
2020-10-14 00:42:52,818 [Worker-25: Building] INFO  o.e.m.c.i.embedder.EclipseLogger - Using 'UTF-8' encoding to copy filtered resources.
2020-10-14 00:42:52,819 [Worker-25: Building] INFO  o.e.m.c.i.embedder.EclipseLogger - Copying 1 resource
2020-10-14 00:42:52,822 [Worker-25: Building] INFO  o.e.m.c.i.embedder.EclipseLogger - Copying 0 resource
2020-10-14 00:42:52,826 [Worker-25: Building] INFO  o.e.m.c.i.embedder.EclipseLogger - Using 'UTF-8' encoding to copy filtered resources.
2020-10-14 00:42:52,826 [Worker-25: Building] INFO  o.e.m.c.i.embedder.EclipseLogger - skip non existing resourceDirectory E:\Kuliah\Materi\Semester 5\Java Enterprise\Week 6\Praktikum\TopedCommerce_015_020\src\test\resources
2020-10-14 00:43:30,722 [Worker-19: Launching TopedCommerce_015_020 - TopedCommerce015020Application] INFO  o.e.m.c.i.embedder.EclipseLogger - Using 'UTF-8' encoding to copy filtered resources.
2020-10-14 00:43:30,722 [Worker-19: Launching TopedCommerce_015_020 - TopedCommerce015020Application] INFO  o.e.m.c.i.embedder.EclipseLogger - Copying 1 resource
2020-10-14 00:43:30,724 [Worker-19: Launching TopedCommerce_015_020 - TopedCommerce015020Application] INFO  o.e.m.c.i.embedder.EclipseLogger - Copying 0 resource
2020-10-14 00:43:30,726 [Worker-19: Launching TopedCommerce_015_020 - TopedCommerce015020Application] INFO  o.e.m.c.i.embedder.EclipseLogger - Using 'UTF-8' encoding to copy filtered resources.
2020-10-14 00:43:30,726 [Worker-19: Launching TopedCommerce_015_020 - TopedCommerce015020Application] INFO  o.e.m.c.i.embedder.EclipseLogger - skip non existing resourceDirectory E:\Kuliah\Materi\Semester 5\Java Enterprise\Week 6\Praktikum\TopedCommerce_015_020\src\test\resources
2020-10-14 22:00:51,424 [Worker-3: Loading available Gradle versions] INFO  o.e.b.c.i.u.g.PublishedGradleVersions - Gradle version information cache is up-to-date. Trying to read.
2020-10-14 22:28:48,658 [Worker-20: Building] INFO  o.e.m.c.i.embedder.EclipseLogger - Using 'UTF-8' encoding to copy filtered resources.
2020-10-14 22:28:48,685 [Worker-20: Building] INFO  o.e.m.c.i.embedder.EclipseLogger - Copying 1 resource
2020-10-14 22:28:48,696 [Worker-20: Building] INFO  o.e.m.c.i.embedder.EclipseLogger - Copying 1 resource
2020-10-14 22:28:48,699 [Worker-20: Building] INFO  o.e.m.c.i.embedder.EclipseLogger - Using 'UTF-8' encoding to copy filtered resources.
2020-10-14 22:28:48,699 [Worker-20: Building] INFO  o.e.m.c.i.embedder.EclipseLogger - skip non existing resourceDirectory E:\Kuliah\Materi\Semester 5\Java Enterprise\Week 6\Praktikum\TopedCommerce_015_020\src\test\resources
2020-10-14 22:51:03,833 [Worker-5: Launching TopedCommerce_015_020 - TopedCommerce015020Application] INFO  o.e.m.c.i.embedder.EclipseLogger - Using 'UTF-8' encoding to copy filtered resources.
2020-10-14 22:51:03,837 [Worker-5: Launching TopedCommerce_015_020 - TopedCommerce015020Application] INFO  o.e.m.c.i.embedder.EclipseLogger - Copying 1 resource
2020-10-14 22:51:03,846 [Worker-5: Launching TopedCommerce_015_020 - TopedCommerce015020Application] INFO  o.e.m.c.i.embedder.EclipseLogger - Copying 0 resource
2020-10-14 22:51:03,850 [Worker-5: Launching TopedCommerce_015_020 - TopedCommerce015020Application] INFO  o.e.m.c.i.embedder.EclipseLogger - Using 'UTF-8' encoding to copy filtered resources.
2020-10-14 22:51:03,850 [Worker-5: Launching TopedCommerce_015_020 - TopedCommerce015020Application] INFO  o.e.m.c.i.embedder.EclipseLogger - skip non existing resourceDirectory E:\Kuliah\Materi\Semester 5\Java Enterprise\Week 6\Praktikum\TopedCommerce_015_020\src\test\resources
